


ARM Macro Assembler    Page 1 


    1 00000000         ;/******************************************************
                       ********************//**
    2 00000000         ; * @file     startup_CMS32L051.s
    3 00000000         ; * @brief    CMSIS Cortex-M ARMv6-M based Core Device S
                       tartup File for
    4 00000000         ; *           Device CMS32L051
    5 00000000         ; * @version  1.0.0
    6 00000000         ; * @date     2019/12/24
    7 00000000         ; ******************************************************
                       ************************/
    8 00000000         ;/*
    9 00000000         ; * Copyright (c) 2009-2016 ARM Limited. All rights rese
                       rved.
   10 00000000         ; *
   11 00000000         ; * SPDX-License-Identifier: Apache-2.0
   12 00000000         ; *
   13 00000000         ; * Licensed under the Apache License, Version 2.0 (the 
                       License); you may
   14 00000000         ; * not use this file except in compliance with the Lice
                       nse.
   15 00000000         ; * You may obtain a copy of the License at
   16 00000000         ; *
   17 00000000         ; * www.apache.org/licenses/LICENSE-2.0
   18 00000000         ; *
   19 00000000         ; * Unless required by applicable law or agreed to in wr
                       iting, software
   20 00000000         ; * distributed under the License is distributed on an A
                       S IS BASIS, WITHOUT
   21 00000000         ; * WARRANTIES OR CONDITIONS OF ANY KIND, either express
                        or implied.
   22 00000000         ; * See the License for the specific language governing 
                       permissions and
   23 00000000         ; * limitations under the License.
   24 00000000         ; */
   25 00000000         ;/*
   26 00000000         
   27 00000000         ;//-------- <<< Use Configuration Wizard in Context Menu
                        >>> ------------------
   28 00000000         ;*/
   29 00000000         
   30 00000000         
   31 00000000         ; <h> Stack Configuration
   32 00000000         ;   <o> Stack Size (in Bytes) <0x0-0xFFFFFFFF:8>
   33 00000000         ; </h>
   34 00000000         
   35 00000000 00000400 
                       Stack_Size
                               EQU              0x00000400
   36 00000000         
   37 00000000                 AREA             STACK, NOINIT, READWRITE, ALIGN
=3
   38 00000000         Stack_Mem
                               SPACE            Stack_Size
   39 00000400         __initial_sp
   40 00000400         
   41 00000400         
   42 00000400         ; <h> Heap Configuration
   43 00000400         ;   <o>  Heap Size (in Bytes) <0x0-0xFFFFFFFF:8>
   44 00000400         ; </h>



ARM Macro Assembler    Page 2 


   45 00000400         
   46 00000400 00000100 
                       Heap_Size
                               EQU              0x00000100
   47 00000400         
   48 00000400                 AREA             HEAP, NOINIT, READWRITE, ALIGN=
3
   49 00000000         __heap_base
   50 00000000         Heap_Mem
                               SPACE            Heap_Size
   51 00000100         __heap_limit
   52 00000100         
   53 00000100         
   54 00000100                 PRESERVE8
   55 00000100                 THUMB
   56 00000100         
   57 00000100         
   58 00000100         ; Vector Table Mapped to Address 0 at Reset
   59 00000100         
   60 00000100                 AREA             RESET, DATA, READONLY
   61 00000000                 EXPORT           __Vectors
   62 00000000                 EXPORT           __Vectors_End
   63 00000000                 EXPORT           __Vectors_Size
   64 00000000         
   65 00000000 00000000 
                       __Vectors
                               DCD              __initial_sp ; Top of Stack
   66 00000004 00000000        DCD              Reset_Handler ; Reset Handler
   67 00000008 00000000        DCD              NMI_Handler ; NMI Handler
   68 0000000C 00000000        DCD              HardFault_Handler ; Hard Fault 
                                                            Handler
   69 00000010 00000000        DCD              0           ; Reserved
   70 00000014 00000000        DCD              0           ; Reserved
   71 00000018 00000000        DCD              0           ; Reserved
   72 0000001C 00000000        DCD              0           ; Reserved
   73 00000020 00000000        DCD              0           ; Reserved
   74 00000024 00000000        DCD              0           ; Reserved
   75 00000028 00000000        DCD              0           ; Reserved
   76 0000002C 00000000        DCD              SVC_Handler ; SVCall Handler
   77 00000030 00000000        DCD              0           ; Reserved
   78 00000034 00000000        DCD              0           ; Reserved
   79 00000038 00000000        DCD              PendSV_Handler ; PendSV Handler
                                                            
   80 0000003C 00000000        DCD              SysTick_Handler 
                                                            ; SysTick Handler
   81 00000040         
   82 00000040         ; External Interrupts
   83 00000040         ; ToDo:  Add here the vectors for the device specific ex
                       ternal interrupts handler
   84 00000040 00000000        DCD              IRQ00_Handler ;  LVI IRQ 
   85 00000044 00000000        DCD              IRQ01_Handler ;  INTP0 IRQ 
   86 00000048 00000000        DCD              IRQ02_Handler ;  INTP1 IRQ 
   87 0000004C 00000000        DCD              IRQ03_Handler ;  INTP2 IRQ 
   88 00000050 00000000        DCD              IRQ04_Handler ;  INTP3 IRQ 
   89 00000054 00000000        DCD              IRQ05_Handler ;  INTTM01H IRQ 
   90 00000058 00000000        DCD              IRQ06_Handler ;  KEY IRQ 
   91 0000005C 00000000        DCD              IRQ07_Handler ;  ST2/SPI20/IIC2
                                                            0 IRQ
   92 00000060 00000000        DCD              IRQ08_Handler ;  SR2/SPI21/IIC2



ARM Macro Assembler    Page 3 


                                                            1 IRQ
   93 00000064 00000000        DCD              IRQ09_Handler ;  SRE2 IRQ 
   94 00000068 00000000        DCD              IRQ10_Handler ;  ST0/SPI00/IIC0
                                                            0 IRQ
   95 0000006C 00000000        DCD              IRQ11_Handler ;  SR0/SPI01/IIC0
                                                            1 IRQ
   96 00000070 00000000        DCD              IRQ12_Handler ;  SRE0 or TM01H 
                                                            IRQ 
   97 00000074 00000000        DCD              IRQ13_Handler ;  ST1/SPI10/IIC1
                                                            0 IRQ
   98 00000078 00000000        DCD              IRQ14_Handler ;  SR1/SPI11/IIC1
                                                            1 IRQ
   99 0000007C 00000000        DCD              IRQ15_Handler ;  SRE1 IRQ 
  100 00000080 00000000        DCD              IRQ16_Handler ;  IICA IRQ
  101 00000084 00000000        DCD              IRQ17_Handler ;  TM00 IRQ
  102 00000088 00000000        DCD              IRQ18_Handler ;  TM01 IRQ
  103 0000008C 00000000        DCD              IRQ19_Handler ;  TM02 IRQ
  104 00000090 00000000        DCD              IRQ20_Handler ;  TM03 IRQ
  105 00000094 00000000        DCD              IRQ21_Handler ;  ADC IRQ
  106 00000098 00000000        DCD              IRQ22_Handler ;  RTC IRQ
  107 0000009C 00000000        DCD              IRQ23_Handler ;  IT IRQ
  108 000000A0 00000000        DCD              IRQ24_Handler ;  CMP0 IRQ
  109 000000A4 00000000        DCD              IRQ25_Handler ;  CMP1 IRQ
  110 000000A8 00000000        DCD              IRQ26_Handler ;  RAMPRTERR IRQ
  111 000000AC 00000000        DCD              IRQ27_Handler ;  TM10 IRQ
  112 000000B0 00000000        DCD              IRQ28_Handler ;  TM11 IRQ
  113 000000B4 00000000        DCD              IRQ29_Handler ;  TM12 IRQ
  114 000000B8 00000000        DCD              IRQ30_Handler ;  TM13 IRQ
  115 000000BC 00000000        DCD              IRQ31_Handler ;  FMC IRQ
  116 000000C0         __Vectors_End
  117 000000C0         
  118 000000C0 000000C0 
                       __Vectors_Size
                               EQU              __Vectors_End - __Vectors
  119 000000C0         
  120 000000C0                 AREA             |.text|, CODE, READONLY
  121 00000000         
  122 00000000         
  123 00000000         ; Reset Handler
  124 00000000         
  125 00000000         Reset_Handler
                               PROC
  126 00000000                 EXPORT           Reset_Handler             [WEAK
]
  127 00000000                 IMPORT           SystemInit
  128 00000000                 IMPORT           __main
  129 00000000 4819            LDR              R0, =SystemInit
  130 00000002 4780            BLX              R0
  131 00000004 4819            LDR              R0, =__main
  132 00000006 4700            BX               R0
  133 00000008                 ENDP
  134 00000008         
  135 00000008         
  136 00000008         ; Dummy Exception Handlers (infinite loops which can be 
                       modified)
  137 00000008         
  139 00000008         NMI_Handler
                               PROC
  140 00000008                 EXPORT           NMI_Handler               [WEAK



ARM Macro Assembler    Page 4 


]
  141 00000008 E7FE            B                .
  142 0000000A                 ENDP
  144 0000000A         HardFault_Handler
                               PROC
  145 0000000A                 EXPORT           HardFault_Handler         [WEAK
]
  146 0000000A E7FE            B                .
  147 0000000C                 ENDP
  149 0000000C         MemManage_Handler
                               PROC
  150 0000000C                 EXPORT           MemManage_Handler         [WEAK
]
  151 0000000C E7FE            B                .
  152 0000000E                 ENDP
  154 0000000E         BusFault_Handler
                               PROC
  155 0000000E                 EXPORT           BusFault_Handler          [WEAK
]
  156 0000000E E7FE            B                .
  157 00000010                 ENDP
  159 00000010         UsageFault_Handler
                               PROC
  160 00000010                 EXPORT           UsageFault_Handler        [WEAK
]
  161 00000010 E7FE            B                .
  162 00000012                 ENDP
  164 00000012         SVC_Handler
                               PROC
  165 00000012                 EXPORT           SVC_Handler               [WEAK
]
  166 00000012 E7FE            B                .
  167 00000014                 ENDP
  169 00000014         DebugMon_Handler
                               PROC
  170 00000014                 EXPORT           DebugMon_Handler          [WEAK
]
  171 00000014 E7FE            B                .
  172 00000016                 ENDP
  174 00000016         PendSV_Handler
                               PROC
  175 00000016                 EXPORT           PendSV_Handler            [WEAK
]
  176 00000016 E7FE            B                .
  177 00000018                 ENDP
  179 00000018         SysTick_Handler
                               PROC
  180 00000018                 EXPORT           SysTick_Handler           [WEAK
]
  181 00000018 E7FE            B                .
  182 0000001A                 ENDP
  184 0000001A         IRQ00_Handler
                               PROC
  185 0000001A                 EXPORT           IRQ00_Handler           [WEAK]
  186 0000001A E7FE            B                .
  187 0000001C                 ENDP
  189 0000001C         IRQ01_Handler
                               PROC
  190 0000001C                 EXPORT           IRQ01_Handler           [WEAK]



ARM Macro Assembler    Page 5 


  191 0000001C E7FE            B                .
  192 0000001E                 ENDP
  194 0000001E         IRQ02_Handler
                               PROC
  195 0000001E                 EXPORT           IRQ02_Handler           [WEAK]
  196 0000001E E7FE            B                .
  197 00000020                 ENDP
  199 00000020         IRQ03_Handler
                               PROC
  200 00000020                 EXPORT           IRQ03_Handler           [WEAK]
  201 00000020 E7FE            B                .
  202 00000022                 ENDP
  204 00000022         IRQ04_Handler
                               PROC
  205 00000022                 EXPORT           IRQ04_Handler           [WEAK]
  206 00000022 E7FE            B                .
  207 00000024                 ENDP
  209 00000024         IRQ05_Handler
                               PROC
  210 00000024                 EXPORT           IRQ05_Handler           [WEAK]
  211 00000024 E7FE            B                .
  212 00000026                 ENDP
  214 00000026         IRQ06_Handler
                               PROC
  215 00000026                 EXPORT           IRQ06_Handler           [WEAK]
  216 00000026 E7FE            B                .
  217 00000028                 ENDP
  219 00000028         IRQ07_Handler
                               PROC
  220 00000028                 EXPORT           IRQ07_Handler           [WEAK]
  221 00000028 E7FE            B                .
  222 0000002A                 ENDP
  224 0000002A         IRQ08_Handler
                               PROC
  225 0000002A                 EXPORT           IRQ08_Handler           [WEAK]
  226 0000002A E7FE            B                .
  227 0000002C                 ENDP
  229 0000002C         IRQ09_Handler
                               PROC
  230 0000002C                 EXPORT           IRQ09_Handler           [WEAK]
  231 0000002C E7FE            B                .
  232 0000002E                 ENDP
  234 0000002E         IRQ10_Handler
                               PROC
  235 0000002E                 EXPORT           IRQ10_Handler           [WEAK]
  236 0000002E E7FE            B                .
  237 00000030                 ENDP
  239 00000030         IRQ11_Handler
                               PROC
  240 00000030                 EXPORT           IRQ11_Handler           [WEAK]
  241 00000030 E7FE            B                .
  242 00000032                 ENDP
  244 00000032         IRQ12_Handler
                               PROC
  245 00000032                 EXPORT           IRQ12_Handler           [WEAK]
  246 00000032 E7FE            B                .
  247 00000034                 ENDP
  249 00000034         IRQ13_Handler
                               PROC



ARM Macro Assembler    Page 6 


  250 00000034                 EXPORT           IRQ13_Handler           [WEAK]
  251 00000034 E7FE            B                .
  252 00000036                 ENDP
  254 00000036         IRQ14_Handler
                               PROC
  255 00000036                 EXPORT           IRQ14_Handler           [WEAK]
  256 00000036 E7FE            B                .
  257 00000038                 ENDP
  259 00000038         IRQ15_Handler
                               PROC
  260 00000038                 EXPORT           IRQ15_Handler           [WEAK]
  261 00000038 E7FE            B                .
  262 0000003A                 ENDP
  264 0000003A         IRQ16_Handler
                               PROC
  265 0000003A                 EXPORT           IRQ16_Handler           [WEAK]
  266 0000003A E7FE            B                .
  267 0000003C                 ENDP
  269 0000003C         IRQ17_Handler
                               PROC
  270 0000003C                 EXPORT           IRQ17_Handler           [WEAK]
  271 0000003C E7FE            B                .
  272 0000003E                 ENDP
  274 0000003E         IRQ18_Handler
                               PROC
  275 0000003E                 EXPORT           IRQ18_Handler           [WEAK]
  276 0000003E E7FE            B                .
  277 00000040                 ENDP
  279 00000040         IRQ19_Handler
                               PROC
  280 00000040                 EXPORT           IRQ19_Handler           [WEAK]
  281 00000040 E7FE            B                .
  282 00000042                 ENDP
  284 00000042         IRQ20_Handler
                               PROC
  285 00000042                 EXPORT           IRQ20_Handler           [WEAK]
  286 00000042 E7FE            B                .
  287 00000044                 ENDP
  289 00000044         IRQ21_Handler
                               PROC
  290 00000044                 EXPORT           IRQ21_Handler           [WEAK]
  291 00000044 E7FE            B                .
  292 00000046                 ENDP
  294 00000046         IRQ22_Handler
                               PROC
  295 00000046                 EXPORT           IRQ22_Handler           [WEAK]
  296 00000046 E7FE            B                .
  297 00000048                 ENDP
  299 00000048         IRQ23_Handler
                               PROC
  300 00000048                 EXPORT           IRQ23_Handler           [WEAK]
  301 00000048 E7FE            B                .
  302 0000004A                 ENDP
  304 0000004A         IRQ24_Handler
                               PROC
  305 0000004A                 EXPORT           IRQ24_Handler           [WEAK]
  306 0000004A E7FE            B                .
  307 0000004C                 ENDP
  309 0000004C         IRQ25_Handler



ARM Macro Assembler    Page 7 


                               PROC
  310 0000004C                 EXPORT           IRQ25_Handler           [WEAK]
  311 0000004C E7FE            B                .
  312 0000004E                 ENDP
  314 0000004E         IRQ26_Handler
                               PROC
  315 0000004E                 EXPORT           IRQ26_Handler           [WEAK]
  316 0000004E E7FE            B                .
  317 00000050                 ENDP
  319 00000050         IRQ27_Handler
                               PROC
  320 00000050                 EXPORT           IRQ27_Handler           [WEAK]
  321 00000050 E7FE            B                .
  322 00000052                 ENDP
  324 00000052         IRQ28_Handler
                               PROC
  325 00000052                 EXPORT           IRQ28_Handler           [WEAK]
  326 00000052 E7FE            B                .
  327 00000054                 ENDP
  329 00000054         IRQ29_Handler
                               PROC
  330 00000054                 EXPORT           IRQ29_Handler           [WEAK]
  331 00000054 E7FE            B                .
  332 00000056                 ENDP
  334 00000056         IRQ30_Handler
                               PROC
  335 00000056                 EXPORT           IRQ30_Handler           [WEAK]
  336 00000056 E7FE            B                .
  337 00000058                 ENDP
  339 00000058         IRQ31_Handler
                               PROC
  340 00000058                 EXPORT           IRQ31_Handler           [WEAK]
  341 00000058 E7FE            B                .
  342 0000005A                 ENDP
  343 0000005A         
  344 0000005A         
  345 0000005A 00 00           ALIGN
  346 0000005C         
  347 0000005C         
  348 0000005C         ; User Initial Stack & Heap
  349 0000005C         
  350 0000005C                 IF               :DEF:__MICROLIB
  357 0000005C         
  358 0000005C                 IMPORT           __use_two_region_memory
  359 0000005C                 EXPORT           __user_initial_stackheap
  360 0000005C         
  361 0000005C         __user_initial_stackheap
                               PROC
  362 0000005C 4804            LDR              R0, =  Heap_Mem
  363 0000005E 4905            LDR              R1, =(Stack_Mem + Stack_Size)
  364 00000060 4A05            LDR              R2, = (Heap_Mem +  Heap_Size)
  365 00000062 4B06            LDR              R3, = Stack_Mem
  366 00000064 4770            BX               LR
  367 00000066                 ENDP
  368 00000066         
  369 00000066 00 00           ALIGN
  370 00000068         
  371 00000068                 ENDIF
  372 00000068         



ARM Macro Assembler    Page 8 


  373 00000068         
  374 00000068                 END
              00000000 
              00000000 
              00000000 
              00000400 
              00000100 
              00000000 
Command Line: --debug --xref --diag_suppress=9931 --cpu=Cortex-M0+ --apcs=inter
work --depend=.\objects\startup_cms32l051.d -o.\objects\startup_cms32l051.o -IC
:\Keil_v5\Arm\Packs\Cmsemicon\CMS32L051\1.3.0\Device\Include --predefine="__UVI
SION_VERSION SETA 536" --list=.\listings\startup_cms32l051.lst ..\..\Device\Sou
rce\ARM\startup_CMS32L051.s



ARM Macro Assembler    Page 1 Alphabetic symbol ordering
Relocatable symbols

STACK 00000000

Symbol: STACK
   Definitions
      At line 37 in file ..\..\Device\Source\ARM\startup_CMS32L051.s
   Uses
      None
Comment: STACK unused
Stack_Mem 00000000

Symbol: Stack_Mem
   Definitions
      At line 38 in file ..\..\Device\Source\ARM\startup_CMS32L051.s
   Uses
      At line 363 in file ..\..\Device\Source\ARM\startup_CMS32L051.s
      At line 365 in file ..\..\Device\Source\ARM\startup_CMS32L051.s

__initial_sp 00000400

Symbol: __initial_sp
   Definitions
      At line 39 in file ..\..\Device\Source\ARM\startup_CMS32L051.s
   Uses
      At line 65 in file ..\..\Device\Source\ARM\startup_CMS32L051.s
Comment: __initial_sp used once
3 symbols



ARM Macro Assembler    Page 1 Alphabetic symbol ordering
Relocatable symbols

HEAP 00000000

Symbol: HEAP
   Definitions
      At line 48 in file ..\..\Device\Source\ARM\startup_CMS32L051.s
   Uses
      None
Comment: HEAP unused
Heap_Mem 00000000

Symbol: Heap_Mem
   Definitions
      At line 50 in file ..\..\Device\Source\ARM\startup_CMS32L051.s
   Uses
      At line 362 in file ..\..\Device\Source\ARM\startup_CMS32L051.s
      At line 364 in file ..\..\Device\Source\ARM\startup_CMS32L051.s

__heap_base 00000000

Symbol: __heap_base
   Definitions
      At line 49 in file ..\..\Device\Source\ARM\startup_CMS32L051.s
   Uses
      None
Comment: __heap_base unused
__heap_limit 00000100

Symbol: __heap_limit
   Definitions
      At line 51 in file ..\..\Device\Source\ARM\startup_CMS32L051.s
   Uses
      None
Comment: __heap_limit unused
4 symbols



ARM Macro Assembler    Page 1 Alphabetic symbol ordering
Relocatable symbols

RESET 00000000

Symbol: RESET
   Definitions
      At line 60 in file ..\..\Device\Source\ARM\startup_CMS32L051.s
   Uses
      None
Comment: RESET unused
__Vectors 00000000

Symbol: __Vectors
   Definitions
      At line 65 in file ..\..\Device\Source\ARM\startup_CMS32L051.s
   Uses
      At line 61 in file ..\..\Device\Source\ARM\startup_CMS32L051.s
      At line 118 in file ..\..\Device\Source\ARM\startup_CMS32L051.s

__Vectors_End 000000C0

Symbol: __Vectors_End
   Definitions
      At line 116 in file ..\..\Device\Source\ARM\startup_CMS32L051.s
   Uses
      At line 62 in file ..\..\Device\Source\ARM\startup_CMS32L051.s
      At line 118 in file ..\..\Device\Source\ARM\startup_CMS32L051.s

3 symbols



ARM Macro Assembler    Page 1 Alphabetic symbol ordering
Relocatable symbols

.text 00000000

Symbol: .text
   Definitions
      At line 120 in file ..\..\Device\Source\ARM\startup_CMS32L051.s
   Uses
      None
Comment: .text unused
BusFault_Handler 0000000E

Symbol: BusFault_Handler
   Definitions
      At line 154 in file ..\..\Device\Source\ARM\startup_CMS32L051.s
   Uses
      At line 155 in file ..\..\Device\Source\ARM\startup_CMS32L051.s
Comment: BusFault_Handler used once
DebugMon_Handler 00000014

Symbol: DebugMon_Handler
   Definitions
      At line 169 in file ..\..\Device\Source\ARM\startup_CMS32L051.s
   Uses
      At line 170 in file ..\..\Device\Source\ARM\startup_CMS32L051.s
Comment: DebugMon_Handler used once
HardFault_Handler 0000000A

Symbol: HardFault_Handler
   Definitions
      At line 144 in file ..\..\Device\Source\ARM\startup_CMS32L051.s
   Uses
      At line 68 in file ..\..\Device\Source\ARM\startup_CMS32L051.s
      At line 145 in file ..\..\Device\Source\ARM\startup_CMS32L051.s

IRQ00_Handler 0000001A

Symbol: IRQ00_Handler
   Definitions
      At line 184 in file ..\..\Device\Source\ARM\startup_CMS32L051.s
   Uses
      At line 84 in file ..\..\Device\Source\ARM\startup_CMS32L051.s
      At line 185 in file ..\..\Device\Source\ARM\startup_CMS32L051.s

IRQ01_Handler 0000001C

Symbol: IRQ01_Handler
   Definitions
      At line 189 in file ..\..\Device\Source\ARM\startup_CMS32L051.s
   Uses
      At line 85 in file ..\..\Device\Source\ARM\startup_CMS32L051.s
      At line 190 in file ..\..\Device\Source\ARM\startup_CMS32L051.s

IRQ02_Handler 0000001E

Symbol: IRQ02_Handler
   Definitions
      At line 194 in file ..\..\Device\Source\ARM\startup_CMS32L051.s
   Uses
      At line 86 in file ..\..\Device\Source\ARM\startup_CMS32L051.s
      At line 195 in file ..\..\Device\Source\ARM\startup_CMS32L051.s



ARM Macro Assembler    Page 2 Alphabetic symbol ordering
Relocatable symbols


IRQ03_Handler 00000020

Symbol: IRQ03_Handler
   Definitions
      At line 199 in file ..\..\Device\Source\ARM\startup_CMS32L051.s
   Uses
      At line 87 in file ..\..\Device\Source\ARM\startup_CMS32L051.s
      At line 200 in file ..\..\Device\Source\ARM\startup_CMS32L051.s

IRQ04_Handler 00000022

Symbol: IRQ04_Handler
   Definitions
      At line 204 in file ..\..\Device\Source\ARM\startup_CMS32L051.s
   Uses
      At line 88 in file ..\..\Device\Source\ARM\startup_CMS32L051.s
      At line 205 in file ..\..\Device\Source\ARM\startup_CMS32L051.s

IRQ05_Handler 00000024

Symbol: IRQ05_Handler
   Definitions
      At line 209 in file ..\..\Device\Source\ARM\startup_CMS32L051.s
   Uses
      At line 89 in file ..\..\Device\Source\ARM\startup_CMS32L051.s
      At line 210 in file ..\..\Device\Source\ARM\startup_CMS32L051.s

IRQ06_Handler 00000026

Symbol: IRQ06_Handler
   Definitions
      At line 214 in file ..\..\Device\Source\ARM\startup_CMS32L051.s
   Uses
      At line 90 in file ..\..\Device\Source\ARM\startup_CMS32L051.s
      At line 215 in file ..\..\Device\Source\ARM\startup_CMS32L051.s

IRQ07_Handler 00000028

Symbol: IRQ07_Handler
   Definitions
      At line 219 in file ..\..\Device\Source\ARM\startup_CMS32L051.s
   Uses
      At line 91 in file ..\..\Device\Source\ARM\startup_CMS32L051.s
      At line 220 in file ..\..\Device\Source\ARM\startup_CMS32L051.s

IRQ08_Handler 0000002A

Symbol: IRQ08_Handler
   Definitions
      At line 224 in file ..\..\Device\Source\ARM\startup_CMS32L051.s
   Uses
      At line 92 in file ..\..\Device\Source\ARM\startup_CMS32L051.s
      At line 225 in file ..\..\Device\Source\ARM\startup_CMS32L051.s

IRQ09_Handler 0000002C

Symbol: IRQ09_Handler
   Definitions



ARM Macro Assembler    Page 3 Alphabetic symbol ordering
Relocatable symbols

      At line 229 in file ..\..\Device\Source\ARM\startup_CMS32L051.s
   Uses
      At line 93 in file ..\..\Device\Source\ARM\startup_CMS32L051.s
      At line 230 in file ..\..\Device\Source\ARM\startup_CMS32L051.s

IRQ10_Handler 0000002E

Symbol: IRQ10_Handler
   Definitions
      At line 234 in file ..\..\Device\Source\ARM\startup_CMS32L051.s
   Uses
      At line 94 in file ..\..\Device\Source\ARM\startup_CMS32L051.s
      At line 235 in file ..\..\Device\Source\ARM\startup_CMS32L051.s

IRQ11_Handler 00000030

Symbol: IRQ11_Handler
   Definitions
      At line 239 in file ..\..\Device\Source\ARM\startup_CMS32L051.s
   Uses
      At line 95 in file ..\..\Device\Source\ARM\startup_CMS32L051.s
      At line 240 in file ..\..\Device\Source\ARM\startup_CMS32L051.s

IRQ12_Handler 00000032

Symbol: IRQ12_Handler
   Definitions
      At line 244 in file ..\..\Device\Source\ARM\startup_CMS32L051.s
   Uses
      At line 96 in file ..\..\Device\Source\ARM\startup_CMS32L051.s
      At line 245 in file ..\..\Device\Source\ARM\startup_CMS32L051.s

IRQ13_Handler 00000034

Symbol: IRQ13_Handler
   Definitions
      At line 249 in file ..\..\Device\Source\ARM\startup_CMS32L051.s
   Uses
      At line 97 in file ..\..\Device\Source\ARM\startup_CMS32L051.s
      At line 250 in file ..\..\Device\Source\ARM\startup_CMS32L051.s

IRQ14_Handler 00000036

Symbol: IRQ14_Handler
   Definitions
      At line 254 in file ..\..\Device\Source\ARM\startup_CMS32L051.s
   Uses
      At line 98 in file ..\..\Device\Source\ARM\startup_CMS32L051.s
      At line 255 in file ..\..\Device\Source\ARM\startup_CMS32L051.s

IRQ15_Handler 00000038

Symbol: IRQ15_Handler
   Definitions
      At line 259 in file ..\..\Device\Source\ARM\startup_CMS32L051.s
   Uses
      At line 99 in file ..\..\Device\Source\ARM\startup_CMS32L051.s
      At line 260 in file ..\..\Device\Source\ARM\startup_CMS32L051.s




ARM Macro Assembler    Page 4 Alphabetic symbol ordering
Relocatable symbols

IRQ16_Handler 0000003A

Symbol: IRQ16_Handler
   Definitions
      At line 264 in file ..\..\Device\Source\ARM\startup_CMS32L051.s
   Uses
      At line 100 in file ..\..\Device\Source\ARM\startup_CMS32L051.s
      At line 265 in file ..\..\Device\Source\ARM\startup_CMS32L051.s

IRQ17_Handler 0000003C

Symbol: IRQ17_Handler
   Definitions
      At line 269 in file ..\..\Device\Source\ARM\startup_CMS32L051.s
   Uses
      At line 101 in file ..\..\Device\Source\ARM\startup_CMS32L051.s
      At line 270 in file ..\..\Device\Source\ARM\startup_CMS32L051.s

IRQ18_Handler 0000003E

Symbol: IRQ18_Handler
   Definitions
      At line 274 in file ..\..\Device\Source\ARM\startup_CMS32L051.s
   Uses
      At line 102 in file ..\..\Device\Source\ARM\startup_CMS32L051.s
      At line 275 in file ..\..\Device\Source\ARM\startup_CMS32L051.s

IRQ19_Handler 00000040

Symbol: IRQ19_Handler
   Definitions
      At line 279 in file ..\..\Device\Source\ARM\startup_CMS32L051.s
   Uses
      At line 103 in file ..\..\Device\Source\ARM\startup_CMS32L051.s
      At line 280 in file ..\..\Device\Source\ARM\startup_CMS32L051.s

IRQ20_Handler 00000042

Symbol: IRQ20_Handler
   Definitions
      At line 284 in file ..\..\Device\Source\ARM\startup_CMS32L051.s
   Uses
      At line 104 in file ..\..\Device\Source\ARM\startup_CMS32L051.s
      At line 285 in file ..\..\Device\Source\ARM\startup_CMS32L051.s

IRQ21_Handler 00000044

Symbol: IRQ21_Handler
   Definitions
      At line 289 in file ..\..\Device\Source\ARM\startup_CMS32L051.s
   Uses
      At line 105 in file ..\..\Device\Source\ARM\startup_CMS32L051.s
      At line 290 in file ..\..\Device\Source\ARM\startup_CMS32L051.s

IRQ22_Handler 00000046

Symbol: IRQ22_Handler
   Definitions
      At line 294 in file ..\..\Device\Source\ARM\startup_CMS32L051.s



ARM Macro Assembler    Page 5 Alphabetic symbol ordering
Relocatable symbols

   Uses
      At line 106 in file ..\..\Device\Source\ARM\startup_CMS32L051.s
      At line 295 in file ..\..\Device\Source\ARM\startup_CMS32L051.s

IRQ23_Handler 00000048

Symbol: IRQ23_Handler
   Definitions
      At line 299 in file ..\..\Device\Source\ARM\startup_CMS32L051.s
   Uses
      At line 107 in file ..\..\Device\Source\ARM\startup_CMS32L051.s
      At line 300 in file ..\..\Device\Source\ARM\startup_CMS32L051.s

IRQ24_Handler 0000004A

Symbol: IRQ24_Handler
   Definitions
      At line 304 in file ..\..\Device\Source\ARM\startup_CMS32L051.s
   Uses
      At line 108 in file ..\..\Device\Source\ARM\startup_CMS32L051.s
      At line 305 in file ..\..\Device\Source\ARM\startup_CMS32L051.s

IRQ25_Handler 0000004C

Symbol: IRQ25_Handler
   Definitions
      At line 309 in file ..\..\Device\Source\ARM\startup_CMS32L051.s
   Uses
      At line 109 in file ..\..\Device\Source\ARM\startup_CMS32L051.s
      At line 310 in file ..\..\Device\Source\ARM\startup_CMS32L051.s

IRQ26_Handler 0000004E

Symbol: IRQ26_Handler
   Definitions
      At line 314 in file ..\..\Device\Source\ARM\startup_CMS32L051.s
   Uses
      At line 110 in file ..\..\Device\Source\ARM\startup_CMS32L051.s
      At line 315 in file ..\..\Device\Source\ARM\startup_CMS32L051.s

IRQ27_Handler 00000050

Symbol: IRQ27_Handler
   Definitions
      At line 319 in file ..\..\Device\Source\ARM\startup_CMS32L051.s
   Uses
      At line 111 in file ..\..\Device\Source\ARM\startup_CMS32L051.s
      At line 320 in file ..\..\Device\Source\ARM\startup_CMS32L051.s

IRQ28_Handler 00000052

Symbol: IRQ28_Handler
   Definitions
      At line 324 in file ..\..\Device\Source\ARM\startup_CMS32L051.s
   Uses
      At line 112 in file ..\..\Device\Source\ARM\startup_CMS32L051.s
      At line 325 in file ..\..\Device\Source\ARM\startup_CMS32L051.s

IRQ29_Handler 00000054



ARM Macro Assembler    Page 6 Alphabetic symbol ordering
Relocatable symbols


Symbol: IRQ29_Handler
   Definitions
      At line 329 in file ..\..\Device\Source\ARM\startup_CMS32L051.s
   Uses
      At line 113 in file ..\..\Device\Source\ARM\startup_CMS32L051.s
      At line 330 in file ..\..\Device\Source\ARM\startup_CMS32L051.s

IRQ30_Handler 00000056

Symbol: IRQ30_Handler
   Definitions
      At line 334 in file ..\..\Device\Source\ARM\startup_CMS32L051.s
   Uses
      At line 114 in file ..\..\Device\Source\ARM\startup_CMS32L051.s
      At line 335 in file ..\..\Device\Source\ARM\startup_CMS32L051.s

IRQ31_Handler 00000058

Symbol: IRQ31_Handler
   Definitions
      At line 339 in file ..\..\Device\Source\ARM\startup_CMS32L051.s
   Uses
      At line 115 in file ..\..\Device\Source\ARM\startup_CMS32L051.s
      At line 340 in file ..\..\Device\Source\ARM\startup_CMS32L051.s

MemManage_Handler 0000000C

Symbol: MemManage_Handler
   Definitions
      At line 149 in file ..\..\Device\Source\ARM\startup_CMS32L051.s
   Uses
      At line 150 in file ..\..\Device\Source\ARM\startup_CMS32L051.s
Comment: MemManage_Handler used once
NMI_Handler 00000008

Symbol: NMI_Handler
   Definitions
      At line 139 in file ..\..\Device\Source\ARM\startup_CMS32L051.s
   Uses
      At line 67 in file ..\..\Device\Source\ARM\startup_CMS32L051.s
      At line 140 in file ..\..\Device\Source\ARM\startup_CMS32L051.s

PendSV_Handler 00000016

Symbol: PendSV_Handler
   Definitions
      At line 174 in file ..\..\Device\Source\ARM\startup_CMS32L051.s
   Uses
      At line 79 in file ..\..\Device\Source\ARM\startup_CMS32L051.s
      At line 175 in file ..\..\Device\Source\ARM\startup_CMS32L051.s

Reset_Handler 00000000

Symbol: Reset_Handler
   Definitions
      At line 125 in file ..\..\Device\Source\ARM\startup_CMS32L051.s
   Uses
      At line 66 in file ..\..\Device\Source\ARM\startup_CMS32L051.s



ARM Macro Assembler    Page 7 Alphabetic symbol ordering
Relocatable symbols

      At line 126 in file ..\..\Device\Source\ARM\startup_CMS32L051.s

SVC_Handler 00000012

Symbol: SVC_Handler
   Definitions
      At line 164 in file ..\..\Device\Source\ARM\startup_CMS32L051.s
   Uses
      At line 76 in file ..\..\Device\Source\ARM\startup_CMS32L051.s
      At line 165 in file ..\..\Device\Source\ARM\startup_CMS32L051.s

SysTick_Handler 00000018

Symbol: SysTick_Handler
   Definitions
      At line 179 in file ..\..\Device\Source\ARM\startup_CMS32L051.s
   Uses
      At line 80 in file ..\..\Device\Source\ARM\startup_CMS32L051.s
      At line 180 in file ..\..\Device\Source\ARM\startup_CMS32L051.s

UsageFault_Handler 00000010

Symbol: UsageFault_Handler
   Definitions
      At line 159 in file ..\..\Device\Source\ARM\startup_CMS32L051.s
   Uses
      At line 160 in file ..\..\Device\Source\ARM\startup_CMS32L051.s
Comment: UsageFault_Handler used once
__user_initial_stackheap 0000005C

Symbol: __user_initial_stackheap
   Definitions
      At line 361 in file ..\..\Device\Source\ARM\startup_CMS32L051.s
   Uses
      At line 359 in file ..\..\Device\Source\ARM\startup_CMS32L051.s
Comment: __user_initial_stackheap used once
44 symbols



ARM Macro Assembler    Page 1 Alphabetic symbol ordering
Absolute symbols

Heap_Size 00000100

Symbol: Heap_Size
   Definitions
      At line 46 in file ..\..\Device\Source\ARM\startup_CMS32L051.s
   Uses
      At line 50 in file ..\..\Device\Source\ARM\startup_CMS32L051.s
      At line 364 in file ..\..\Device\Source\ARM\startup_CMS32L051.s

Stack_Size 00000400

Symbol: Stack_Size
   Definitions
      At line 35 in file ..\..\Device\Source\ARM\startup_CMS32L051.s
   Uses
      At line 38 in file ..\..\Device\Source\ARM\startup_CMS32L051.s
      At line 363 in file ..\..\Device\Source\ARM\startup_CMS32L051.s

__Vectors_Size 000000C0

Symbol: __Vectors_Size
   Definitions
      At line 118 in file ..\..\Device\Source\ARM\startup_CMS32L051.s
   Uses
      At line 63 in file ..\..\Device\Source\ARM\startup_CMS32L051.s
Comment: __Vectors_Size used once
3 symbols



ARM Macro Assembler    Page 1 Alphabetic symbol ordering
External symbols

SystemInit 00000000

Symbol: SystemInit
   Definitions
      At line 127 in file ..\..\Device\Source\ARM\startup_CMS32L051.s
   Uses
      At line 129 in file ..\..\Device\Source\ARM\startup_CMS32L051.s
Comment: SystemInit used once
__main 00000000

Symbol: __main
   Definitions
      At line 128 in file ..\..\Device\Source\ARM\startup_CMS32L051.s
   Uses
      At line 131 in file ..\..\Device\Source\ARM\startup_CMS32L051.s
Comment: __main used once
__use_two_region_memory 00000000

Symbol: __use_two_region_memory
   Definitions
      At line 358 in file ..\..\Device\Source\ARM\startup_CMS32L051.s
   Uses
      None
Comment: __use_two_region_memory unused
3 symbols
395 symbols in table
